00:00:00.513522 VirtualBox GUI VM Selector Window 7.0.20 r163906 linux.amd64 (Jul 16 2024 13:33:48) release log
00:00:00.513527 Log opened 2024-07-24T12:47:28.979026000Z
00:00:00.513530 Build Type: release
00:00:00.513534 OS Product: Linux
00:00:00.513537 OS Release: 6.10.0-arch1-2
00:00:00.513540 OS Version: #1 SMP PREEMPT_DYNAMIC Mon, 22 Jul 2024 17:28:23 +0000
00:00:00.513573 DMI Product Name: ZenBook UX425IA_UM425IA
00:00:00.513587 DMI Product Version: 1.0
00:00:00.513595 Firmware type: UEFI
00:00:00.513736 Secure Boot: Disabled
00:00:00.513790 Host RAM: 15409MB (15.0GB) total, 14770MB (14.4GB) available
00:00:00.513796 Executable: /usr/lib/virtualbox/VirtualBox
00:00:00.513798 Process ID: 1425
00:00:00.513800 Package type: LINUX_64BITS_GENERIC (OSE)
00:00:00.513838 Qt version: 5.15.14
00:00:00.516021 GUI: UIMediumEnumerator: Initial medium-enumeration finished!
00:00:00.526652 GUI: UIMediumEnumerator: Medium-enumeration started...
00:00:01.245388 GUI: UIDesktopWidgetWatchdog::sltHandleHostScreenAvailableGeometryCalculated: Screen 0 work area is actually resized to: 0x40 x 954x1034
00:00:01.266183 GUI: UIMediumEnumerator: Medium-enumeration finished!
00:00:23.727522 GUI: UIMediumEnumerator: Medium-enumeration finished!
00:00:50.689477 GUI: UIMediumEnumerator: Medium-enumeration finished!
00:01:04.771679 GUI: UIMediumEnumerator: Medium-enumeration finished!
00:01:41.219167 GUI: UIMediumEnumerator: Medium-enumeration finished!
00:01:45.038010 GUI: UIMediumEnumerator: Medium-enumeration finished!
00:01:45.369826 GUI: UIMediumEnumerator: Medium-enumeration finished!
00:01:47.383146 GUI: UIMediumEnumerator: Medium-enumeration finished!
00:01:48.292870 GUI: UIMediumEnumerator: Medium-enumeration finished!
00:01:56.154677 GUI: UIMediumEnumerator: Medium-enumeration finished!
00:02:36.994466 GUI: UIMediumEnumerator: Medium-enumeration finished!
00:03:03.644573 GUI: UIMediumEnumerator: Medium-enumeration finished!
00:03:14.434382 GUI: UIMediumEnumerator: Medium-enumeration finished!
00:03:14.483841 GUI: UIMediumEnumerator: Medium-enumeration finished!
00:03:15.781651 GUI: UIMediumEnumerator: Medium-enumeration finished!
00:03:15.801214 GUI: UIMediumEnumerator: Medium-enumeration finished!
00:05:14.892904 GUI: UIMediumEnumerator: Medium-enumeration finished!
00:05:32.788521 GUI: UIMediumEnumerator: Medium-enumeration finished!
00:05:41.877392 GUI: UIMediumEnumerator: Medium-enumeration finished!
00:05:51.468265 GUI: UIMediumEnumerator: Medium-enumeration finished!
00:30:40.066343 GUI: UIMediumEnumerator: Medium-enumeration finished!
00:31:09.012376 GUI: UICommon: Handling aboutToQuit request..
00:31:09.774443 GUI: UICommon: aboutToQuit request handled!
